Vivado Simulator 2019.1
Copyright 1986-1999, 2001-2019 Xilinx, Inc. All Rights Reserved.
Running: D:/vivado/vivado19_1/Vivado/2019.1/bin/unwrapped/win64.o/xelab.exe -wto 2c7e2fd53f534ca38ddb9994679bd905 --incr --debug typical --relax --mt 2 -L xil_defaultlib -L unisims_ver -L unimacro_ver -L secureip --snapshot tb_dw_pw_pingpong_behav xil_defaultlib.tb_dw_pw_pingpong xil_defaultlib.glbl -log elaborate.log 
Using 2 slave threads.
Starting static elaboration
Completed static elaboration
Starting simulation data flow analysis
Completed simulation data flow analysis
Time Resolution for simulation is 1ps
Compiling module xil_defaultlib.dw_pw_pingpong_ctrl(RAM_DATA_W=1...
Compiling module xil_defaultlib.linebuf_bank_ram(DEPTH=5,ADDR_W=...
Compiling module xil_defaultlib.fwft_fifo_reg(WIDTH=72)
Compiling module xil_defaultlib.conv_sliding_padding(COL=5,ROW=2...
Compiling module xil_defaultlib.conv_coeff_store(COEFF_GRP_NUM=2...
Compiling module xil_defaultlib.conv_mult_products(OUT_W=16)
Compiling module xil_defaultlib.adder_pipe(OUT_W=17,USER_W=2)
Compiling module xil_defaultlib.adder_pipe(IN_W=17,OUT_W=18,IN_N...
Compiling module xil_defaultlib.adder_pipe(IN_W=18,OUT_W=19,IN_N...
Compiling module xil_defaultlib.adder_pipe(IN_W=19,OUT_W=20,IN_N...
Compiling module xil_defaultlib.conv_adder_tree_pipe(OUT_W=20,US...
Compiling module xil_defaultlib.conv_adder_tree(OUT_W=20,USER_W=...
Compiling module xil_defaultlib.conv_mac_tree(MUL_W=16,SUM_W=20,...
Compiling module xil_defaultlib.fwft_fifo_reg(WIDTH=22,DEPTH=16,...
Compiling module xil_defaultlib.matrix_conv2d_stream_parallel(K_...
Compiling module xil_defaultlib.bias_memory(GROUP_BITS=2)
Compiling module xil_defaultlib.bias_quant_relu(IN_WIDTH=20,MULT...
Compiling module xil_defaultlib.fwft_fifo_reg(WIDTH=10,DEPTH=16,...
Compiling module xil_defaultlib.bias_process_wrapper(IN_WIDTH=20...
Compiling module xil_defaultlib.depthwiseConv2D(MUL_W=16,SUM_W=2...
Compiling module xil_defaultlib.fwft_fifo_reg_default
Compiling module xil_defaultlib.conv_sliding_padding(COL=5,ROW=2...
Compiling module xil_defaultlib.conv_coeff_store(K_H=1,K_W=1,OUT...
Compiling module xil_defaultlib.conv_mult_products(OUT_W=16,K_H=...
Compiling module xil_defaultlib.conv_adder_tree_pipe(N=1,OUT_W=1...
Compiling module xil_defaultlib.conv_adder_tree(K_H=1,K_W=1,OUT_...
Compiling module xil_defaultlib.conv_mac_tree(K_H=1,K_W=1,MUL_W=...
Compiling module xil_defaultlib.fwft_fifo_reg(WIDTH=1026,AF_LEVE...
Compiling module xil_defaultlib.matrix_conv2d_stream_parallel(MU...
Compiling module xil_defaultlib.dw2pw_mult(DW_MUL_W=16,DW_SUM_W=...
Compiling module xil_defaultlib.pw_sum(SEGMENTS=1,RAM_DATA_W=140...
Compiling module xil_defaultlib.dw_pw_cac(DW_MUL_W=16,DW_SUM_W=2...
Compiling module xil_defaultlib.psum_ram(DATA_WIDTH=1408)
Compiling module xil_defaultlib.fwft_fifo_reg(WIDTH=24,DEPTH=16,...
Compiling module xil_defaultlib.ram_frame_to_fifo_reader(SEGMENT...
Compiling module xil_defaultlib.bias_memory(GROUP_BITS=2,BIAS_IN...
Compiling module xil_defaultlib.bias_quant_relu(IN_WIDTH=22,MULT...
Compiling module xil_defaultlib.fwft_fifo_reg(WIDTH=10,DEPTH=16,...
Compiling module xil_defaultlib.bias_process_wrapper(IN_WIDTH=22...
Compiling module xil_defaultlib.dw_pw_pingpong_default
Compiling module xil_defaultlib.tb_dw_pw_pingpong
Compiling module xil_defaultlib.glbl
Built simulation snapshot tb_dw_pw_pingpong_behav
